{"target": 1.0, "params": {"AnnealTime": 0.5000377688857865, "DMSO": 0.6000000174628398, "Distance": 0.27427291651133945, "Precursor Concentration": 0.04313403330859913, "Speed": 0.10000153247235473, "SubTemp": 0.12695584538441332, "SuperTemp": 0.1901427138903719}, "datetime": {"datetime": "2024-03-25 22:25:26", "elapsed": 0.0, "delta": 0.0}}
{"target": 1.0, "params": {"AnnealTime": 0.4999996890821891, "DMSO": 0.2911523460081799, "Distance": 0.4144645212913239, "Precursor Concentration": -0.0007741435521691717, "Speed": -0.1, "SubTemp": 0.0960474510507809, "SuperTemp": 0.5068584497288436}, "datetime": {"datetime": "2024-03-25 22:25:34", "elapsed": 7.383254, "delta": 7.383254}}
{"target": 1.0, "params": {"AnnealTime": 0.4999977415407934, "DMSO": 0.2973159847854723, "Distance": 0.13481719192190514, "Precursor Concentration": 0.268393298359386, "Speed": 0.34693840530855863, "SubTemp": 0.6516310914995658, "SuperTemp": 0.05690670077490464}, "datetime": {"datetime": "2024-03-25 22:25:41", "elapsed": 15.229247, "delta": 7.845993}}
{"target": 1.0, "params": {"AnnealTime": 0.5000030446600601, "DMSO": 0.29350633026816547, "Distance": 0.41638447205175355, "Precursor Concentration": -0.005129174847392796, "Speed": -0.1, "SubTemp": 0.5020464273762275, "SuperTemp": 0.25607124623648286}, "datetime": {"datetime": "2024-03-25 22:25:50", "elapsed": 23.312821, "delta": 8.083574}}
{"target": 0.0, "params": {"AnnealTime": 0.25005047529800334, "DMSO": 0.29651545186445744, "Distance": 0.14727692728229116, "Precursor Concentration": -0.0625, "Speed": 0.036568350428178874, "SubTemp": 0.8012456949312271, "SuperTemp": 0.5547176900115779}, "datetime": {"datetime": "2024-03-25 22:26:02", "elapsed": 35.278395, "delta": 11.965574}}
